iMPACT Version: 
iMPACT log file Started on Fri Dec 28 13:58:37 2007

// *** BATCH CMD : loadProjectFile -file"D:\personals\Viktor\VHDL\videox1/videox1.ipf"
'1': Loading file 'D:/personals/Viktor/VHDL/videox1/x1operator.jed' ...
done.
INFO:iMPACT:1777 - 
   Reading C:/Xilinx92i/xc9500xl/data/xc95144xl.bsd...
INFO:iMPACT:501 - '1': Added Device xc95144xl successfully.
----------------------------------------------------------------------
----------------------------------------------------------------------
INFO:iMPACT:1777 - 
   Reading C:/Xilinx92i/xc9500xl/data/xc9572xl.bsd...
INFO:iMPACT:501 - '2': Added Device xc9572xl successfully.
----------------------------------------------------------------------
----------------------------------------------------------------------
Active mode is BS
// *** BATCH CMD : setMode -ss
// *** BATCH CMD : setMode -sm
// *** BATCH CMD : setMode -hw140
// *** BATCH CMD : setMode -spi
// *** BATCH CMD : setMode -acecf
// *** BATCH CMD : setMode -acempm
// *** BATCH CMD : setMode -pff
// *** BATCH CMD : setMode -bs
// *** BATCH CMD : setMode -bs
// *** BATCH CMD : setMode -bs
// *** BATCH CMD : setMode -bs
GUI --- Auto connect to cable...
// *** BATCH CMD : setCable -port auto
AutoDetecting cable. Please wait.
PROGRESS_START - Starting Operation.
Connecting to cable (Parallel Port - LPT1).
Checking cable driver.
 Driver windrvr6.sys version = 8.1.1.0. WinDriver v8.11 Jungo (c) 1997 - 2006 Build Date: Oct 16 2006 X86 32bit SYS12:35:07, version = 811.
 LPT base address = 0378h.
 ECP base address = FFFFFFFFh.
Cable connection established.
PROGRESS_END - End Operation.
Elapsed time =      0 sec.
// *** BATCH CMD : Program -p 1 -e -v -defaultVersion 0 
Maximum TCK operating frequency for this device chain: 0.
Validating chain...
Boundary-scan chain validated successfully.
'1': Erasing device...
PROGRESS_START - Starting Operation.
'1': Erasure completed successfully.
'1': Programming device...
done.
'1': Putting device in ISP mode...done.
'1': Putting device in ISP mode...done.
'1': Verifying device...done.
'1': Verification completed successfully.
'1': Putting device in ISP mode...done.
'1': Programming completed successfully.
PROGRESS_END - End Operation.
Elapsed time =      5 sec.
// *** BATCH CMD : saveProjectFile -file"D:/personals/Viktor/VHDL/videox1/videox1.ipf"
// *** BATCH CMD : setMode -bs
// *** BATCH CMD : deleteDevice -position 1
----------------------------------------------------------------------
// *** BATCH CMD : deleteDevice -position 1
// *** BATCH CMD : setMode -ss
// *** BATCH CMD : setMode -sm
// *** BATCH CMD : setMode -hw140
// *** BATCH CMD : setMode -spi
// *** BATCH CMD : setMode -acecf
// *** BATCH CMD : setMode -acempm
// *** BATCH CMD : setMode -pff
// *** BATCH CMD : setMode -bs
